# JRE version: Java(TM) SE Runtime Environment (8.0_111-b14) (build 1.8.0_111-b14)
# Java VM: Java HotSpot(TM) 64-Bit Server VM (25.111-b14 mixed mode windows-amd64 compressed oops)
Heap:
 PSYoungGen      total 37888K, used 5088K [0x00000000d6180000, 0x00000000dbe80000, 0x0000000100000000)
  eden space 32768K, 0% used [0x00000000d6180000,0x00000000d6180000,0x00000000d8180000)
  from space 5120K, 99% used [0x00000000d8180000,0x00000000d8678040,0x00000000d8680000)
  to   space 16896K, 0% used [0x00000000dae00000,0x00000000dae00000,0x00000000dbe80000)
 ParOldGen       total 124928K, used 103407K [0x0000000082400000, 0x0000000089e00000, 0x00000000d6180000)
  object space 124928K, 82% used [0x0000000082400000,0x00000000888fbe18,0x0000000089e00000)
 Metaspace       used 28030K, capacity 29950K, committed 30080K, reserved 1075200K
  class space    used 3855K, capacity 4182K, committed 4224K, reserved 1048576K
GC Heap History (10 events):
Event: 32.435 GC heap after
Heap after GC invocations=2 (full 0):
 PSYoungGen      total 37888K, used 5105K [0x00000000d6180000, 0x00000000d8b80000, 0x0000000100000000)
  eden space 32768K, 0% used [0x00000000d6180000,0x00000000d6180000,0x00000000d8180000)
  from space 5120K, 99% used [0x00000000d8680000,0x00000000d8b7c788,0x00000000d8b80000)
  to   space 5120K, 0% used [0x00000000d8180000,0x00000000d8180000,0x00000000d8680000)
 ParOldGen       total 86016K, used 5638K [0x0000000082400000, 0x0000000087800000, 0x00000000d6180000)
  object space 86016K, 6% used [0x0000000082400000,0x0000000082981920,0x0000000087800000)
 Metaspace       used 20050K, capacity 21158K, committed 21296K, reserved 1067008K
  class space    used 2859K, capacity 3098K, committed 3200K, reserved 1048576K
}
Event: 32.435 GC heap before
{Heap before GC invocations=3 (full 1):
 PSYoungGen      total 37888K, used 5105K [0x00000000d6180000, 0x00000000d8b80000, 0x0000000100000000)
  eden space 32768K, 0% used [0x00000000d6180000,0x00000000d6180000,0x00000000d8180000)
  from space 5120K, 99% used [0x00000000d8680000,0x00000000d8b7c788,0x00000000d8b80000)
  to   space 5120K, 0% used [0x00000000d8180000,0x00000000d8180000,0x00000000d8680000)
 ParOldGen       total 86016K, used 5638K [0x0000000082400000, 0x0000000087800000, 0x00000000d6180000)
  object space 86016K, 6% used [0x0000000082400000,0x0000000082981920,0x0000000087800000)
 Metaspace       used 20050K, capacity 21158K, committed 21296K, reserved 1067008K
  class space    used 2859K, capacity 3098K, committed 3200K, reserved 1048576K
Event: 32.508 GC heap after
Heap after GC invocations=3 (full 1):
 PSYoungGen      total 37888K, used 0K [0x00000000d6180000, 0x00000000d8b80000, 0x0000000100000000)
  eden space 32768K, 0% used [0x00000000d6180000,0x00000000d6180000,0x00000000d8180000)
  from space 5120K, 0% used [0x00000000d8680000,0x00000000d8680000,0x00000000d8b80000)
  to   space 5120K, 0% used [0x00000000d8180000,0x00000000d8180000,0x00000000d8680000)
 ParOldGen       total 50688K, used 10573K [0x0000000082400000, 0x0000000085580000, 0x00000000d6180000)
  object space 50688K, 20% used [0x0000000082400000,0x0000000082e53410,0x0000000085580000)
 Metaspace       used 20050K, capacity 21158K, committed 21296K, reserved 1067008K
  class space    used 2859K, capacity 3098K, committed 3200K, reserved 1048576K
}
Event: 36.709 GC heap before
{Heap before GC invocations=4 (full 1):
 PSYoungGen      total 37888K, used 32768K [0x00000000d6180000, 0x00000000d8b80000, 0x0000000100000000)
  eden space 32768K, 100% used [0x00000000d6180000,0x00000000d8180000,0x00000000d8180000)
  from space 5120K, 0% used [0x00000000d8680000,0x00000000d8680000,0x00000000d8b80000)
  to   space 5120K, 0% used [0x00000000d8180000,0x00000000d8180000,0x00000000d8680000)
 ParOldGen       total 124928K, used 84301K [0x0000000082400000, 0x0000000089e00000, 0x00000000d6180000)
  object space 124928K, 67% used [0x0000000082400000,0x0000000087653420,0x0000000089e00000)
 Metaspace       used 26020K, capacity 27620K, committed 27904K, reserved 1073152K
  class space    used 3675K, capacity 3973K, committed 4096K, reserved 1048576K
Event: 36.723 GC heap after
Heap after GC invocations=4 (full 1):
 PSYoungGen      total 37888K, used 5102K [0x00000000d6180000, 0x00000000d8b80000, 0x0000000100000000)
  eden space 32768K, 0% used [0x00000000d6180000,0x00000000d6180000,0x00000000d8180000)
  from space 5120K, 99% used [0x00000000d8180000,0x00000000d867b910,0x00000000d8680000)
  to   space 5120K, 0% used [0x00000000d8680000,0x00000000d8680000,0x00000000d8b80000)
 ParOldGen       total 124928K, used 86440K [0x0000000082400000, 0x0000000089e00000, 0x00000000d6180000)
  object space 124928K, 69% used [0x0000000082400000,0x000000008786a158,0x0000000089e00000)
 Metaspace       used 26020K, capacity 27620K, committed 27904K, reserved 1073152K
  class space    used 3675K, capacity 3973K, committed 4096K, reserved 1048576K
}
Event: 38.444 GC heap before
{Heap before GC invocations=5 (full 1):
 PSYoungGen      total 37888K, used 37870K [0x00000000d6180000, 0x00000000d8b80000, 0x0000000100000000)
  eden space 32768K, 100% used [0x00000000d6180000,0x00000000d8180000,0x00000000d8180000)
  from space 5120K, 99% used [0x00000000d8180000,0x00000000d867b910,0x00000000d8680000)
  to   space 5120K, 0% used [0x00000000d8680000,0x00000000d8680000,0x00000000d8b80000)
 ParOldGen       total 124928K, used 86440K [0x0000000082400000, 0x0000000089e00000, 0x00000000d6180000)
  object space 124928K, 69% used [0x0000000082400000,0x000000008786a158,0x0000000089e00000)
 Metaspace       used 27087K, capacity 28958K, committed 29312K, reserved 1075200K
  class space    used 3788K, capacity 4104K, committed 4224K, reserved 1048576K
Event: 38.576 GC heap after
Heap after GC invocations=5 (full 1):
 PSYoungGen      total 37888K, used 5088K [0x00000000d6180000, 0x00000000da880000, 0x0000000100000000)
  eden space 32768K, 0% used [0x00000000d6180000,0x00000000d6180000,0x00000000d8180000)
  from space 5120K, 99% used [0x00000000d8680000,0x00000000d8b78050,0x00000000d8b80000)
  to   space 5120K, 0% used [0x00000000d8180000,0x00000000d8180000,0x00000000d8680000)
 ParOldGen       total 124928K, used 97479K [0x0000000082400000, 0x0000000089e00000, 0x00000000d6180000)
  object space 124928K, 78% used [0x0000000082400000,0x0000000088331e18,0x0000000089e00000)
 Metaspace       used 27087K, capacity 28958K, committed 29312K, reserved 1075200K
  class space    used 3788K, capacity 4104K, committed 4224K, reserved 1048576K
}
Event: 198.663 GC heap before
{Heap before GC invocations=6 (full 1):
 PSYoungGen      total 37888K, used 37856K [0x00000000d6180000, 0x00000000da880000, 0x0000000100000000)
  eden space 32768K, 100% used [0x00000000d6180000,0x00000000d8180000,0x00000000d8180000)
  from space 5120K, 99% used [0x00000000d8680000,0x00000000d8b78050,0x00000000d8b80000)
  to   space 5120K, 0% used [0x00000000d8180000,0x00000000d8180000,0x00000000d8680000)
 ParOldGen       total 124928K, used 97479K [0x0000000082400000, 0x0000000089e00000, 0x00000000d6180000)
  object space 124928K, 78% used [0x0000000082400000,0x0000000088331e18,0x0000000089e00000)
 Metaspace       used 28030K, capacity 29950K, committed 30080K, reserved 1075200K
  class space    used 3855K, capacity 4182K, committed 4224K, reserved 1048576K
Event: 198.685 GC heap after
Heap after GC invocations=6 (full 1):
 PSYoungGen      total 37888K, used 5088K [0x00000000d6180000, 0x00000000dbe80000, 0x0000000100000000)
  eden space 32768K, 0% used [0x00000000d6180000,0x00000000d6180000,0x00000000d8180000)
  from space 5120K, 99% used [0x00000000d8180000,0x00000000d8678040,0x00000000d8680000)
  to   space 16896K, 0% used [0x00000000dae00000,0x00000000dae00000,0x00000000dbe80000)
 ParOldGen       total 124928K, used 103407K [0x0000000082400000, 0x0000000089e00000, 0x00000000d6180000)
  object space 124928K, 82% used [0x0000000082400000,0x00000000888fbe18,0x0000000089e00000)
 Metaspace       used 28030K, capacity 29950K, committed 30080K, reserved 1075200K
  class space    used 3855K, capacity 4182K, committed 4224K, reserved 1048576K
}
Event: 198.685 GC heap before
{Heap before GC invocations=7 (full 2):
 PSYoungGen      total 37888K, used 5088K [0x00000000d6180000, 0x00000000dbe80000, 0x0000000100000000)
  eden space 32768K, 0% used [0x00000000d6180000,0x00000000d6180000,0x00000000d8180000)
  from space 5120K, 99% used [0x00000000d8180000,0x00000000d8678040,0x00000000d8680000)
  to   space 16896K, 0% used [0x00000000dae00000,0x00000000dae00000,0x00000000dbe80000)
 ParOldGen       total 124928K, used 103407K [0x0000000082400000, 0x0000000089e00000, 0x00000000d6180000)
  object space 124928K, 82% used [0x0000000082400000,0x00000000888fbe18,0x0000000089e00000)
 Metaspace       used 28030K, capacity 29950K, committed 30080K, reserved 1075200K
  class space    used 3855K, capacity 4182K, committed 4224K, reserved 1048576K

